2023-03-21 19:42:05.424 [main] INFO  SciCal - [FACTORIAL] - 3.0
2023-03-21 19:42:05.429 [main] INFO  SciCal - [FACTORIAL] - 2.0
2023-03-21 19:42:05.430 [main] INFO  SciCal - [FACTORIAL] - 1.0
2023-03-21 19:42:05.432 [main] INFO  SciCal - [RESULT - FACTORIAL] - 1.0
2023-03-21 19:42:05.433 [main] INFO  SciCal - [RESULT - FACTORIAL] - 2.0
2023-03-21 19:42:05.433 [main] INFO  SciCal - [RESULT - FACTORIAL] - 6.0
2023-03-21 19:42:05.434 [main] INFO  SciCal - [FACTORIAL] - 4.0
2023-03-21 19:42:05.435 [main] INFO  SciCal - [FACTORIAL] - 3.0
2023-03-21 19:42:05.435 [main] INFO  SciCal - [FACTORIAL] - 2.0
2023-03-21 19:42:05.436 [main] INFO  SciCal - [FACTORIAL] - 1.0
2023-03-21 19:42:05.437 [main] INFO  SciCal - [RESULT - FACTORIAL] - 1.0
2023-03-21 19:42:05.437 [main] INFO  SciCal - [RESULT - FACTORIAL] - 2.0
2023-03-21 19:42:05.438 [main] INFO  SciCal - [RESULT - FACTORIAL] - 6.0
2023-03-21 19:42:05.438 [main] INFO  SciCal - [RESULT - FACTORIAL] - 24.0
2023-03-21 19:42:05.441 [main] INFO  SciCal - [SQUARE ROOT] - 25.0
2023-03-21 19:42:05.442 [main] INFO  SciCal - [RESULT - SQUARE ROOT] - 5.0
2023-03-21 19:42:05.443 [main] INFO  SciCal - [SQUARE ROOT] - 4.0
2023-03-21 19:42:05.443 [main] INFO  SciCal - [RESULT - SQUARE ROOT] - 2.0
2023-03-21 19:42:05.445 [main] INFO  SciCal - [NATURAL LOGARITHM] - 1.0
2023-03-21 19:42:05.446 [main] INFO  SciCal - [RESULT - NATURAL LOGARITHM - 0.0
2023-03-21 19:42:05.446 [main] INFO  SciCal - [NATURAL LOGARITHM] - 10.0
2023-03-21 19:42:05.447 [main] INFO  SciCal - [RESULT - NATURAL LOGARITHM - 2.302585092994046
2023-03-21 19:42:05.448 [main] INFO  SciCal - [SQUARE ROOT] - 4.0
2023-03-21 19:42:05.449 [main] INFO  SciCal - [RESULT - SQUARE ROOT] - 2.0
2023-03-21 19:42:05.450 [main] INFO  SciCal - [SQUARE ROOT] - 100.0
2023-03-21 19:42:05.450 [main] INFO  SciCal - [RESULT - SQUARE ROOT] - 10.0
2023-03-21 19:42:05.451 [main] INFO  SciCal - [NATURAL LOGARITHM] - 1.0
2023-03-21 19:42:05.452 [main] INFO  SciCal - [RESULT - NATURAL LOGARITHM - 0.0
2023-03-21 19:42:05.452 [main] INFO  SciCal - [NATURAL LOGARITHM] - 100.0
2023-03-21 19:42:05.453 [main] INFO  SciCal - [RESULT - NATURAL LOGARITHM - 4.605170185988092
2023-03-21 19:42:05.454 [main] INFO  SciCal - [FACTORIAL] - 5.0
2023-03-21 19:42:05.455 [main] INFO  SciCal - [FACTORIAL] - 4.0
2023-03-21 19:42:05.455 [main] INFO  SciCal - [FACTORIAL] - 3.0
2023-03-21 19:42:05.456 [main] INFO  SciCal - [FACTORIAL] - 2.0
2023-03-21 19:42:05.456 [main] INFO  SciCal - [FACTORIAL] - 1.0
2023-03-21 19:42:05.457 [main] INFO  SciCal - [RESULT - FACTORIAL] - 1.0
2023-03-21 19:42:05.457 [main] INFO  SciCal - [RESULT - FACTORIAL] - 2.0
2023-03-21 19:42:05.458 [main] INFO  SciCal - [RESULT - FACTORIAL] - 6.0
2023-03-21 19:42:05.459 [main] INFO  SciCal - [RESULT - FACTORIAL] - 24.0
2023-03-21 19:42:05.459 [main] INFO  SciCal - [RESULT - FACTORIAL] - 120.0
2023-03-21 19:42:05.460 [main] INFO  SciCal - [FACTORIAL] - 4.0
2023-03-21 19:42:05.460 [main] INFO  SciCal - [FACTORIAL] - 3.0
2023-03-21 19:42:05.461 [main] INFO  SciCal - [FACTORIAL] - 2.0
2023-03-21 19:42:05.462 [main] INFO  SciCal - [FACTORIAL] - 1.0
2023-03-21 19:42:05.462 [main] INFO  SciCal - [RESULT - FACTORIAL] - 1.0
2023-03-21 19:42:05.463 [main] INFO  SciCal - [RESULT - FACTORIAL] - 2.0
2023-03-21 19:42:05.464 [main] INFO  SciCal - [RESULT - FACTORIAL] - 6.0
2023-03-21 19:42:05.465 [main] INFO  SciCal - [RESULT - FACTORIAL] - 24.0
2023-03-21 19:42:05.485 [main] INFO  SciCal - [POWER FUNCTION] - 3.0RAISED TO THE POWER2.0
2023-03-21 19:42:05.486 [main] INFO  SciCal - [RESULT - POWER FUNCTION - 9.0
2023-03-21 19:42:05.487 [main] INFO  SciCal - [POWER FUNCTION] - 4.0RAISED TO THE POWER2.0
2023-03-21 19:42:05.487 [main] INFO  SciCal - [RESULT - POWER FUNCTION - 16.0
2023-03-21 19:42:05.489 [main] INFO  SciCal - [POWER FUNCTION] - 5.0RAISED TO THE POWER2.0
2023-03-21 19:42:05.490 [main] INFO  SciCal - [RESULT - POWER FUNCTION - 25.0
2023-03-21 19:42:05.490 [main] INFO  SciCal - [POWER FUNCTION] - 4.0RAISED TO THE POWER4.0
2023-03-21 19:42:05.491 [main] INFO  SciCal - [RESULT - POWER FUNCTION - 256.0
2023-03-21 19:52:48.271 [main] INFO  SciCal - [FACTORIAL] - 3.0
2023-03-21 19:52:48.275 [main] INFO  SciCal - [FACTORIAL] - 2.0
2023-03-21 19:52:48.276 [main] INFO  SciCal - [FACTORIAL] - 1.0
2023-03-21 19:52:48.277 [main] INFO  SciCal - [RESULT - FACTORIAL] - 1.0
2023-03-21 19:52:48.277 [main] INFO  SciCal - [RESULT - FACTORIAL] - 2.0
2023-03-21 19:52:48.277 [main] INFO  SciCal - [RESULT - FACTORIAL] - 6.0
2023-03-21 19:52:48.278 [main] INFO  SciCal - [FACTORIAL] - 4.0
2023-03-21 19:52:48.278 [main] INFO  SciCal - [FACTORIAL] - 3.0
2023-03-21 19:52:48.279 [main] INFO  SciCal - [FACTORIAL] - 2.0
2023-03-21 19:52:48.279 [main] INFO  SciCal - [FACTORIAL] - 1.0
2023-03-21 19:52:48.280 [main] INFO  SciCal - [RESULT - FACTORIAL] - 1.0
2023-03-21 19:52:48.280 [main] INFO  SciCal - [RESULT - FACTORIAL] - 2.0
2023-03-21 19:52:48.281 [main] INFO  SciCal - [RESULT - FACTORIAL] - 6.0
2023-03-21 19:52:48.281 [main] INFO  SciCal - [RESULT - FACTORIAL] - 24.0
2023-03-21 19:52:48.283 [main] INFO  SciCal - [SQUARE ROOT] - 25.0
2023-03-21 19:52:48.284 [main] INFO  SciCal - [RESULT - SQUARE ROOT] - 5.0
2023-03-21 19:52:48.285 [main] INFO  SciCal - [SQUARE ROOT] - 4.0
2023-03-21 19:52:48.285 [main] INFO  SciCal - [RESULT - SQUARE ROOT] - 2.0
2023-03-21 19:52:48.287 [main] INFO  SciCal - [NATURAL LOGARITHM] - 1.0
2023-03-21 19:52:48.288 [main] INFO  SciCal - [RESULT - NATURAL LOGARITHM - 0.0
2023-03-21 19:52:48.289 [main] INFO  SciCal - [NATURAL LOGARITHM] - 10.0
2023-03-21 19:52:48.290 [main] INFO  SciCal - [RESULT - NATURAL LOGARITHM - 2.302585092994046
2023-03-21 19:52:48.291 [main] INFO  SciCal - [SQUARE ROOT] - 4.0
2023-03-21 19:52:48.292 [main] INFO  SciCal - [RESULT - SQUARE ROOT] - 2.0
2023-03-21 19:52:48.292 [main] INFO  SciCal - [SQUARE ROOT] - 100.0
2023-03-21 19:52:48.293 [main] INFO  SciCal - [RESULT - SQUARE ROOT] - 10.0
2023-03-21 19:52:48.294 [main] INFO  SciCal - [NATURAL LOGARITHM] - 1.0
2023-03-21 19:52:48.295 [main] INFO  SciCal - [RESULT - NATURAL LOGARITHM - 0.0
2023-03-21 19:52:48.295 [main] INFO  SciCal - [NATURAL LOGARITHM] - 100.0
2023-03-21 19:52:48.296 [main] INFO  SciCal - [RESULT - NATURAL LOGARITHM - 4.605170185988092
2023-03-21 19:52:48.298 [main] INFO  SciCal - [FACTORIAL] - 5.0
2023-03-21 19:52:48.298 [main] INFO  SciCal - [FACTORIAL] - 4.0
2023-03-21 19:52:48.299 [main] INFO  SciCal - [FACTORIAL] - 3.0
2023-03-21 19:52:48.299 [main] INFO  SciCal - [FACTORIAL] - 2.0
2023-03-21 19:52:48.300 [main] INFO  SciCal - [FACTORIAL] - 1.0
2023-03-21 19:52:48.300 [main] INFO  SciCal - [RESULT - FACTORIAL] - 1.0
2023-03-21 19:52:48.301 [main] INFO  SciCal - [RESULT - FACTORIAL] - 2.0
2023-03-21 19:52:48.301 [main] INFO  SciCal - [RESULT - FACTORIAL] - 6.0
2023-03-21 19:52:48.302 [main] INFO  SciCal - [RESULT - FACTORIAL] - 24.0
2023-03-21 19:52:48.303 [main] INFO  SciCal - [RESULT - FACTORIAL] - 120.0
2023-03-21 19:52:48.303 [main] INFO  SciCal - [FACTORIAL] - 4.0
2023-03-21 19:52:48.304 [main] INFO  SciCal - [FACTORIAL] - 3.0
2023-03-21 19:52:48.304 [main] INFO  SciCal - [FACTORIAL] - 2.0
2023-03-21 19:52:48.305 [main] INFO  SciCal - [FACTORIAL] - 1.0
2023-03-21 19:52:48.306 [main] INFO  SciCal - [RESULT - FACTORIAL] - 1.0
2023-03-21 19:52:48.306 [main] INFO  SciCal - [RESULT - FACTORIAL] - 2.0
2023-03-21 19:52:48.307 [main] INFO  SciCal - [RESULT - FACTORIAL] - 6.0
2023-03-21 19:52:48.307 [main] INFO  SciCal - [RESULT - FACTORIAL] - 24.0
2023-03-21 19:52:48.325 [main] INFO  SciCal - [POWER FUNCTION] - 3.0RAISED TO THE POWER2.0
2023-03-21 19:52:48.326 [main] INFO  SciCal - [RESULT - POWER FUNCTION - 9.0
2023-03-21 19:52:48.327 [main] INFO  SciCal - [POWER FUNCTION] - 4.0RAISED TO THE POWER2.0
2023-03-21 19:52:48.328 [main] INFO  SciCal - [RESULT - POWER FUNCTION - 16.0
2023-03-21 19:52:48.329 [main] INFO  SciCal - [POWER FUNCTION] - 5.0RAISED TO THE POWER2.0
2023-03-21 19:52:48.330 [main] INFO  SciCal - [RESULT - POWER FUNCTION - 25.0
2023-03-21 19:52:48.330 [main] INFO  SciCal - [POWER FUNCTION] - 4.0RAISED TO THE POWER4.0
2023-03-21 19:52:48.331 [main] INFO  SciCal - [RESULT - POWER FUNCTION - 256.0
